# Portfolio Signal Center – Strategy Adjustment Log
# Dieses Log wird automatisch von update_intelligence.py gepflegt.
# Format: [YYYY-MM-DD HH:MM UTC] Beschreibung (key=value | ...)
# ─────────────────────────────────────────────────────────────────
[2026-04-13 00:00 UTC] Initialisierung. Strategie-Log angelegt. Erster KI-Update erfolgt am nächsten Freitag.
[2026-04-16 17:59 UTC] Wöchentlicher Update abgeschlossen | btc=$74,284/HOLD | fg=23 | ma200=$87,154 | mnav=1.023x/HOLD | dxy=98.26 | sp500=7027.34 | global_signal=HOLD
[2026-04-16 18:18 UTC] Wöchentlicher Update abgeschlossen | btc=$74,421/HOLD | fg=23 | ma200=$87,155 | mnav=1.021x/HOLD | dxy=98.23 | sp500=7027.64 | global_signal=HOLD
[2026-04-16 18:23 UTC] Wöchentlicher Update abgeschlossen | btc=$74,471/HOLD | fg=23 | ma200=$87,155 | mnav=1.020x/HOLD | dxy=98.25 | sp500=7025.35 | global_signal=HOLD
[2026-04-16 18:32 UTC] Wöchentlicher Update abgeschlossen | btc=$74,411/HOLD | fg=23 | ma200=$87,155 | mnav=1.021x/HOLD | dxy=98.23 | sp500=7026.27 | global_signal=HOLD
[2026-04-16 18:42 UTC] BTC SIGNAL GEÄNDERT: HOLD → BUY | konfidenz=mittel | grund=Ein Rückfall unter $65,000 mit weiter fallendem F&G unter 15 würde in ein STRONG BUY eskalieren (Sparrate maximal erhöhen); ein nachhaltiger Bruch über den 200-Tage-MA ($87,156) mit F&G über 50 würde das Signal auf HOLD zurücksetzen. Ein makroökonomischer Schock (US-Rezession, Kreditereignis) könnte kurzfristig CASH auslösen.
[2026-04-16 18:43 UTC] Wöchentlicher Update abgeschlossen | btc=$74,546/BUY | fg=23 | ma200=$87,156 | mnav=1.019x/HOLD | dxy=98.23 | sp500=7031.71 | global_signal=BUY
[2026-04-16 18:50 UTC] Wöchentlicher Update abgeschlossen | btc=$74,715/BUY | fg=23 | ma200=$87,157 | mnav=1.017x/HOLD | dxy=98.22 | sp500=7031.17 | global_signal=BUY
[2026-04-16 18:54 UTC] Wöchentlicher Update abgeschlossen | btc=$74,734/BUY | fg=23 | ma200=$87,157 | mnav=1.016x/HOLD | dxy=98.23 | sp500=7030.06 | global_signal=BUY
[2026-04-16 19:16 UTC] Wöchentlicher Update v3 abgeschlossen | btc=$74,800/HOLD | fg=23 | ma200=$87,157 | mnav=1.139x/HOLD | dxy=98.2 | sp500=7030.83 | global_signal=HOLD
[2026-04-16 19:19 UTC] BTC SIGNAL: HOLD → BUY | regime=Risk-off mit Dollar-Schwäche – selektiver Liquiditätszyklus:
[2026-04-16 19:20 UTC] Wöchentlicher Update v3 abgeschlossen | btc=$74,830/BUY | fg=23 | ma200=$87,157 | mnav=1.139x/HOLD | dxy=98.21 | sp500=7032.84 | global_signal=BUY
[2026-04-16 19:23 UTC] Wöchentlicher Update v3 abgeschlossen | btc=$74,919/BUY | fg=23 | ma200=$87,157 | mnav=1.137x/BUY | dxy=98.19 | sp500=7033.56 | global_signal=BUY
[2026-04-16 19:57 UTC] Wöchentlicher Update v3 abgeschlossen | btc=$75,352/BUY | fg=23 | ma200=$87,160 | mnav=1.131x/BUY | dxy=98.19 | sp500=7040.0 | global_signal=BUY
[2026-04-17 18:45 UTC] Wöchentlicher Update v3 abgeschlossen | btc=$77,362/BUY | fg=21 | ma200=$86,974 | mnav=1.113x/BUY | dxy=97.99 | sp500=7123.1 | global_signal=BUY
[2026-04-24 18:39 UTC] Wöchentlicher Update v3 abgeschlossen | btc=$77,599/BUY | fg=39 | ma200=$85,422 | mnav=1.085x/BUY | dxy=98.56 | sp500=7158.12 | global_signal=BUY
